0 verbose cli /Users/ankitmishra/.nvm/versions/node/v24.13.0/bin/node /Users/ankitmishra/.nvm/versions/node/v24.13.0/bin/npm
1 info using npm@11.6.2
2 info using node@v24.13.0
3 silly config load:file:/Users/ankitmishra/.nvm/versions/node/v24.13.0/lib/node_modules/npm/npmrc
4 silly config load:file:/Users/ankitmishra/Developer/Accounting app/tradebooks-ai/.npmrc
5 silly config load:file:/Users/ankitmishra/.npmrc
6 silly config load:file:/Users/ankitmishra/.nvm/versions/node/v24.13.0/etc/npmrc
7 verbose title npm install decimal.js papaparse fast-xml-parser xmlbuilder2 xlsx zustand react-dropzone react-hook-form zod @hookform/resolvers uuid
8 verbose argv "install" "decimal.js" "papaparse" "fast-xml-parser" "xmlbuilder2" "xlsx" "zustand" "react-dropzone" "react-hook-form" "zod" "@hookform/resolvers" "uuid"
9 verbose logfile logs-max:10 dir:/Users/ankitmishra/Developer/Accounting app/tradebooks-ai/temp_cache/_logs/2026-03-11T08_51_41_192Z-
10 verbose logfile /Users/ankitmishra/Developer/Accounting app/tradebooks-ai/temp_cache/_logs/2026-03-11T08_51_41_192Z-debug-0.log
11 silly logfile done cleaning log files
12 silly packumentCache heap:2348810240 maxSize:587202560 maxEntrySize:293601280
13 silly idealTree buildDeps
14 silly fetch manifest decimal.js@*
15 silly packumentCache full:https://registry.npmjs.org/decimal.js cache-miss
16 http fetch GET 200 https://registry.npmjs.org/decimal.js 113ms (cache miss)
17 silly packumentCache full:https://registry.npmjs.org/decimal.js set size:undefined disposed:false
18 silly fetch manifest papaparse@*
19 silly packumentCache full:https://registry.npmjs.org/papaparse cache-miss
20 http fetch GET 200 https://registry.npmjs.org/papaparse 40ms (cache miss)
21 silly packumentCache full:https://registry.npmjs.org/papaparse set size:undefined disposed:false
22 silly fetch manifest fast-xml-parser@*
23 silly packumentCache full:https://registry.npmjs.org/fast-xml-parser cache-miss
24 http fetch GET 200 https://registry.npmjs.org/npm 257ms
25 http fetch GET 200 https://registry.npmjs.org/fast-xml-parser 46ms (cache miss)
26 silly packumentCache full:https://registry.npmjs.org/fast-xml-parser set size:undefined disposed:false
27 silly fetch manifest xmlbuilder2@*
28 silly packumentCache full:https://registry.npmjs.org/xmlbuilder2 cache-miss
29 http fetch GET 200 https://registry.npmjs.org/xmlbuilder2 104ms (cache miss)
30 silly packumentCache full:https://registry.npmjs.org/xmlbuilder2 set size:undefined disposed:false
31 silly fetch manifest xlsx@*
32 silly packumentCache full:https://registry.npmjs.org/xlsx cache-miss
33 http fetch GET 200 https://registry.npmjs.org/xlsx 38ms (cache miss)
34 silly packumentCache full:https://registry.npmjs.org/xlsx set size:undefined disposed:false
35 silly fetch manifest zustand@*
36 silly packumentCache full:https://registry.npmjs.org/zustand cache-miss
37 http fetch GET 200 https://registry.npmjs.org/zustand 44ms (cache miss)
38 silly packumentCache full:https://registry.npmjs.org/zustand set size:undefined disposed:false
39 silly fetch manifest @types/react@^19
40 silly packumentCache full:https://registry.npmjs.org/@types%2freact cache-miss
41 http fetch GET 200 https://registry.npmjs.org/@types%2freact 96ms (cache miss)
42 silly packumentCache full:https://registry.npmjs.org/@types%2freact set size:undefined disposed:false
43 silly fetch manifest immer@>=9.0.6
44 silly packumentCache full:https://registry.npmjs.org/immer cache-miss
45 http fetch GET 200 https://registry.npmjs.org/immer 72ms (cache miss)
46 silly packumentCache full:https://registry.npmjs.org/immer set size:undefined disposed:false
47 silly fetch manifest react@19.2.3
48 silly packumentCache full:https://registry.npmjs.org/react cache-miss
49 http fetch GET 200 https://registry.npmjs.org/react 120ms (cache miss)
50 silly packumentCache full:https://registry.npmjs.org/react set size:undefined disposed:false
51 silly fetch manifest use-sync-external-store@>=1.2.0
52 silly packumentCache full:https://registry.npmjs.org/use-sync-external-store cache-miss
53 http fetch GET 200 https://registry.npmjs.org/use-sync-external-store 246ms (cache miss)
54 silly packumentCache full:https://registry.npmjs.org/use-sync-external-store set size:undefined disposed:false
55 silly fetch manifest react-dropzone@*
56 silly packumentCache full:https://registry.npmjs.org/react-dropzone cache-miss
57 http fetch GET 200 https://registry.npmjs.org/react-dropzone 55ms (cache miss)
58 silly packumentCache full:https://registry.npmjs.org/react-dropzone set size:undefined disposed:false
59 silly fetch manifest react-hook-form@*
60 silly packumentCache full:https://registry.npmjs.org/react-hook-form cache-miss
61 http fetch GET 200 https://registry.npmjs.org/react-hook-form 133ms (cache miss)
62 silly packumentCache full:https://registry.npmjs.org/react-hook-form set size:undefined disposed:false
63 silly fetch manifest zod@*
64 silly packumentCache full:https://registry.npmjs.org/zod cache-miss
65 http fetch GET 200 https://registry.npmjs.org/zod 87ms (cache miss)
66 silly packumentCache full:https://registry.npmjs.org/zod set size:undefined disposed:false
67 silly fetch manifest @hookform/resolvers@*
68 silly packumentCache full:https://registry.npmjs.org/@hookform%2fresolvers cache-miss
69 http fetch GET 200 https://registry.npmjs.org/@hookform%2fresolvers 151ms (cache miss)
70 silly packumentCache full:https://registry.npmjs.org/@hookform%2fresolvers set size:undefined disposed:false
71 silly fetch manifest uuid@*
72 silly packumentCache full:https://registry.npmjs.org/uuid cache-miss
73 http fetch GET 200 https://registry.npmjs.org/uuid 36ms (cache miss)
74 silly packumentCache full:https://registry.npmjs.org/uuid set size:undefined disposed:false
75 silly placeDep ROOT @hookform/resolvers@5.2.2 OK for: tradebooks-ai@0.1.0 want: *
76 silly placeDep ROOT react-hook-form@7.71.2 OK for: @hookform/resolvers@5.2.2 want: ^7.55.0
77 silly placeDep ROOT decimal.js@10.6.0 OK for: tradebooks-ai@0.1.0 want: *
78 silly placeDep ROOT fast-xml-parser@5.5.1 OK for: tradebooks-ai@0.1.0 want: *
79 silly placeDep ROOT papaparse@5.5.3 OK for: tradebooks-ai@0.1.0 want: *
80 silly placeDep ROOT react-dropzone@15.0.0 OK for: tradebooks-ai@0.1.0 want: *
81 silly placeDep ROOT react-hook-form@7.71.2 REPLACE for: tradebooks-ai@0.1.0 want: *
82 silly placeDep ROOT uuid@13.0.0 OK for: tradebooks-ai@0.1.0 want: *
83 silly placeDep ROOT xlsx@0.18.5 OK for: tradebooks-ai@0.1.0 want: *
84 silly placeDep ROOT xmlbuilder2@4.0.3 OK for: tradebooks-ai@0.1.0 want: *
85 silly placeDep ROOT zod@4.3.6 REPLACE for: tradebooks-ai@0.1.0 want: *
86 silly placeDep ROOT zustand@5.0.11 OK for: tradebooks-ai@0.1.0 want: *
87 silly fetch manifest @standard-schema/utils@^0.3.0
88 silly packumentCache full:https://registry.npmjs.org/@standard-schema%2futils cache-miss
89 silly fetch manifest fast-xml-builder@^1.1.0
90 silly packumentCache full:https://registry.npmjs.org/fast-xml-builder cache-miss
91 silly fetch manifest path-expression-matcher@^1.1.2
92 silly packumentCache full:https://registry.npmjs.org/path-expression-matcher cache-miss
93 silly fetch manifest strnum@^2.1.2
94 silly packumentCache full:https://registry.npmjs.org/strnum cache-miss
95 silly fetch manifest attr-accept@^2.2.4
96 silly packumentCache full:https://registry.npmjs.org/attr-accept cache-miss
97 silly fetch manifest file-selector@^2.1.0
98 silly packumentCache full:https://registry.npmjs.org/file-selector cache-miss
99 silly fetch manifest cfb@~1.2.1
100 silly packumentCache full:https://registry.npmjs.org/cfb cache-miss
101 http fetch GET 200 https://registry.npmjs.org/fast-xml-builder 44ms (cache miss)
102 silly packumentCache full:https://registry.npmjs.org/fast-xml-builder set size:undefined disposed:false
103 silly fetch manifest ssf@~0.11.2
104 silly packumentCache full:https://registry.npmjs.org/ssf cache-miss
105 http fetch GET 200 https://registry.npmjs.org/@standard-schema%2futils 48ms (cache miss)
106 silly packumentCache full:https://registry.npmjs.org/@standard-schema%2futils set size:undefined disposed:false
107 silly fetch manifest wmf@~1.0.1
108 silly packumentCache full:https://registry.npmjs.org/wmf cache-miss
109 http fetch GET 200 https://registry.npmjs.org/ssf 34ms (cache miss)
110 silly packumentCache full:https://registry.npmjs.org/ssf set size:undefined disposed:false
111 silly fetch manifest word@~0.3.0
112 silly packumentCache full:https://registry.npmjs.org/word cache-miss
113 http fetch GET 200 https://registry.npmjs.org/wmf 32ms (cache miss)
114 silly packumentCache full:https://registry.npmjs.org/wmf set size:undefined disposed:false
115 silly fetch manifest crc-32@~1.2.1
116 silly packumentCache full:https://registry.npmjs.org/crc-32 cache-miss
117 http fetch GET 200 https://registry.npmjs.org/strnum 101ms (cache miss)
118 silly packumentCache full:https://registry.npmjs.org/strnum set size:undefined disposed:false
119 silly fetch manifest adler-32@~1.3.0
120 silly packumentCache full:https://registry.npmjs.org/adler-32 cache-miss
121 http fetch GET 200 https://registry.npmjs.org/word 40ms (cache miss)
122 silly packumentCache full:https://registry.npmjs.org/word set size:undefined disposed:false
123 silly fetch manifest codepage@~1.15.0
124 silly packumentCache full:https://registry.npmjs.org/codepage cache-miss
125 http fetch GET 200 https://registry.npmjs.org/path-expression-matcher 120ms (cache miss)
126 silly packumentCache full:https://registry.npmjs.org/path-expression-matcher set size:undefined disposed:false
127 silly fetch manifest @oozcitak/dom@^2.0.2
128 silly packumentCache full:https://registry.npmjs.org/@oozcitak%2fdom cache-miss
129 http fetch GET 200 https://registry.npmjs.org/attr-accept 121ms (cache miss)
130 silly packumentCache full:https://registry.npmjs.org/attr-accept set size:undefined disposed:false
131 silly fetch manifest @oozcitak/infra@^2.0.2
132 silly packumentCache full:https://registry.npmjs.org/@oozcitak%2finfra cache-miss
133 http fetch GET 200 https://registry.npmjs.org/cfb 123ms (cache miss)
134 silly packumentCache full:https://registry.npmjs.org/cfb set size:undefined disposed:false
135 silly fetch manifest @oozcitak/util@^10.0.0
136 silly packumentCache full:https://registry.npmjs.org/@oozcitak%2futil cache-miss
137 http fetch GET 200 https://registry.npmjs.org/crc-32 42ms (cache miss)
138 silly packumentCache full:https://registry.npmjs.org/crc-32 set size:undefined disposed:false
139 http fetch GET 200 https://registry.npmjs.org/file-selector 125ms (cache miss)
140 silly packumentCache full:https://registry.npmjs.org/file-selector set size:undefined disposed:false
141 http fetch GET 200 https://registry.npmjs.org/adler-32 52ms (cache miss)
142 silly packumentCache full:https://registry.npmjs.org/adler-32 set size:undefined disposed:false
143 http fetch GET 200 https://registry.npmjs.org/codepage 44ms (cache miss)
144 silly packumentCache full:https://registry.npmjs.org/codepage set size:undefined disposed:false
145 http fetch GET 200 https://registry.npmjs.org/@oozcitak%2finfra 62ms (cache miss)
146 silly packumentCache full:https://registry.npmjs.org/@oozcitak%2finfra set size:undefined disposed:false
147 http fetch GET 200 https://registry.npmjs.org/@oozcitak%2futil 62ms (cache miss)
148 silly packumentCache full:https://registry.npmjs.org/@oozcitak%2futil set size:undefined disposed:false
149 http fetch GET 200 https://registry.npmjs.org/@oozcitak%2fdom 100ms (cache miss)
150 silly packumentCache full:https://registry.npmjs.org/@oozcitak%2fdom set size:undefined disposed:false
151 silly placeDep ROOT @standard-schema/utils@0.3.0 OK for: @hookform/resolvers@5.2.2 want: ^0.3.0
152 silly placeDep ROOT fast-xml-builder@1.1.0 OK for: fast-xml-parser@5.5.1 want: ^1.1.0
153 silly placeDep ROOT path-expression-matcher@1.1.2 OK for: fast-xml-parser@5.5.1 want: ^1.1.2
154 silly placeDep ROOT strnum@2.2.0 OK for: fast-xml-parser@5.5.1 want: ^2.1.2
155 silly placeDep ROOT attr-accept@2.2.5 OK for: react-dropzone@15.0.0 want: ^2.2.4
156 silly placeDep ROOT file-selector@2.1.2 OK for: react-dropzone@15.0.0 want: ^2.1.0
157 silly placeDep ROOT adler-32@1.3.1 OK for: xlsx@0.18.5 want: ~1.3.0
158 silly placeDep ROOT cfb@1.2.2 OK for: xlsx@0.18.5 want: ~1.2.1
159 silly placeDep ROOT codepage@1.15.0 OK for: xlsx@0.18.5 want: ~1.15.0
160 silly placeDep ROOT crc-32@1.2.2 OK for: xlsx@0.18.5 want: ~1.2.1
161 silly placeDep ROOT ssf@0.11.2 OK for: xlsx@0.18.5 want: ~0.11.2
162 silly placeDep ROOT wmf@1.0.2 OK for: xlsx@0.18.5 want: ~1.0.1
163 silly placeDep ROOT word@0.3.0 OK for: xlsx@0.18.5 want: ~0.3.0
164 silly fetch manifest crc-32@~1.2.0
165 silly packumentCache full:https://registry.npmjs.org/crc-32 cache-miss
166 silly fetch manifest frac@~1.1.2
167 silly packumentCache full:https://registry.npmjs.org/frac cache-miss
168 http cache https://registry.npmjs.org/crc-32 3ms (cache hit)
169 silly packumentCache full:https://registry.npmjs.org/crc-32 set size:32170 disposed:false
170 http fetch GET 200 https://registry.npmjs.org/frac 162ms (cache miss)
171 silly packumentCache full:https://registry.npmjs.org/frac set size:undefined disposed:false
172 silly placeDep ROOT frac@1.1.2 OK for: ssf@0.11.2 want: ~1.1.2
173 silly placeDep ROOT @oozcitak/dom@2.0.2 OK for: xmlbuilder2@4.0.3 want: ^2.0.2
174 silly placeDep ROOT @oozcitak/infra@2.0.2 OK for: xmlbuilder2@4.0.3 want: ^2.0.2
175 silly placeDep ROOT @oozcitak/util@10.0.0 OK for: xmlbuilder2@4.0.3 want: ^10.0.0
176 silly fetch manifest @oozcitak/url@^3.0.0
177 silly packumentCache full:https://registry.npmjs.org/@oozcitak%2furl cache-miss
178 http fetch GET 200 https://registry.npmjs.org/@oozcitak%2furl 59ms (cache miss)
179 silly packumentCache full:https://registry.npmjs.org/@oozcitak%2furl set size:undefined disposed:false
180 silly placeDep ROOT @oozcitak/url@3.0.0 OK for: @oozcitak/dom@2.0.2 want: ^3.0.0
181 silly reify moves {}
182 silly audit bulk request {
182 silly audit   '@alloc/quick-lru': [ '5.2.0' ],
182 silly audit   '@babel/code-frame': [ '7.29.0' ],
182 silly audit   '@babel/compat-data': [ '7.29.0' ],
182 silly audit   '@babel/core': [ '7.29.0' ],
182 silly audit   '@babel/generator': [ '7.29.1' ],
182 silly audit   '@babel/helper-compilation-targets': [ '7.28.6' ],
182 silly audit   '@babel/helper-globals': [ '7.28.0' ],
182 silly audit   '@babel/helper-module-imports': [ '7.28.6' ],
182 silly audit   '@babel/helper-module-transforms': [ '7.28.6' ],
182 silly audit   '@babel/helper-string-parser': [ '7.27.1' ],
182 silly audit   '@babel/helper-validator-identifier': [ '7.28.5' ],
182 silly audit   '@babel/helper-validator-option': [ '7.27.1' ],
182 silly audit   '@babel/helpers': [ '7.28.6' ],
182 silly audit   '@babel/parser': [ '7.29.0' ],
182 silly audit   '@babel/template': [ '7.28.6' ],
182 silly audit   '@babel/traverse': [ '7.29.0' ],
182 silly audit   '@babel/types': [ '7.29.0' ],
182 silly audit   '@emnapi/core': [ '1.8.1' ],
182 silly audit   '@emnapi/runtime': [ '1.8.1' ],
182 silly audit   '@emnapi/wasi-threads': [ '1.1.0' ],
182 silly audit   '@eslint-community/eslint-utils': [ '4.9.1' ],
182 silly audit   'eslint-visitor-keys': [ '3.4.3', '5.0.1', '4.2.1' ],
182 silly audit   '@eslint-community/regexpp': [ '4.12.2' ],
182 silly audit   '@eslint/config-array': [ '0.21.2' ],
182 silly audit   '@eslint/config-helpers': [ '0.4.2' ],
182 silly audit   '@eslint/core': [ '0.17.0' ],
182 silly audit   '@eslint/eslintrc': [ '3.3.5' ],
182 silly audit   '@eslint/js': [ '9.39.4' ],
182 silly audit   '@eslint/object-schema': [ '2.1.7' ],
182 silly audit   '@eslint/plugin-kit': [ '0.4.1' ],
182 silly audit   '@humanfs/core': [ '0.19.1' ],
182 silly audit   '@humanfs/node': [ '0.16.7' ],
182 silly audit   '@humanwhocodes/module-importer': [ '1.0.1' ],
182 silly audit   '@humanwhocodes/retry': [ '0.4.3' ],
182 silly audit   '@img/colour': [ '1.1.0' ],
182 silly audit   '@img/sharp-darwin-arm64': [ '0.34.5' ],
182 silly audit   '@img/sharp-darwin-x64': [ '0.34.5' ],
182 silly audit   '@img/sharp-libvips-darwin-arm64': [ '1.2.4' ],
182 silly audit   '@img/sharp-libvips-darwin-x64': [ '1.2.4' ],
182 silly audit   '@img/sharp-libvips-linux-arm': [ '1.2.4' ],
182 silly audit   '@img/sharp-libvips-linux-arm64': [ '1.2.4' ],
182 silly audit   '@img/sharp-libvips-linux-ppc64': [ '1.2.4' ],
182 silly audit   '@img/sharp-libvips-linux-riscv64': [ '1.2.4' ],
182 silly audit   '@img/sharp-libvips-linux-s390x': [ '1.2.4' ],
182 silly audit   '@img/sharp-libvips-linux-x64': [ '1.2.4' ],
182 silly audit   '@img/sharp-libvips-linuxmusl-arm64': [ '1.2.4' ],
182 silly audit   '@img/sharp-libvips-linuxmusl-x64': [ '1.2.4' ],
182 silly audit   '@img/sharp-linux-arm': [ '0.34.5' ],
182 silly audit   '@img/sharp-linux-arm64': [ '0.34.5' ],
182 silly audit   '@img/sharp-linux-ppc64': [ '0.34.5' ],
182 silly audit   '@img/sharp-linux-riscv64': [ '0.34.5' ],
182 silly audit   '@img/sharp-linux-s390x': [ '0.34.5' ],
182 silly audit   '@img/sharp-linux-x64': [ '0.34.5' ],
182 silly audit   '@img/sharp-linuxmusl-arm64': [ '0.34.5' ],
182 silly audit   '@img/sharp-linuxmusl-x64': [ '0.34.5' ],
182 silly audit   '@img/sharp-wasm32': [ '0.34.5' ],
182 silly audit   '@img/sharp-win32-arm64': [ '0.34.5' ],
182 silly audit   '@img/sharp-win32-ia32': [ '0.34.5' ],
182 silly audit   '@img/sharp-win32-x64': [ '0.34.5' ],
182 silly audit   '@jridgewell/gen-mapping': [ '0.3.13' ],
182 silly audit   '@jridgewell/remapping': [ '2.3.5' ],
182 silly audit   '@jridgewell/resolve-uri': [ '3.1.2' ],
182 silly audit   '@jridgewell/sourcemap-codec': [ '1.5.5' ],
182 silly audit   '@jridgewell/trace-mapping': [ '0.3.31' ],
182 silly audit   '@napi-rs/wasm-runtime': [ '0.2.12' ],
182 silly audit   '@next/env': [ '16.1.6' ],
182 silly audit   '@next/eslint-plugin-next': [ '16.1.6' ],
182 silly audit   '@next/swc-darwin-arm64': [ '16.1.6' ],
182 silly audit   '@next/swc-darwin-x64': [ '16.1.6' ],
182 silly audit   '@next/swc-linux-arm64-gnu': [ '16.1.6' ],
182 silly audit   '@next/swc-linux-arm64-musl': [ '16.1.6' ],
182 silly audit   '@next/swc-linux-x64-gnu': [ '16.1.6' ],
182 silly audit   '@next/swc-linux-x64-musl': [ '16.1.6' ],
182 silly audit   '@next/swc-win32-arm64-msvc': [ '16.1.6' ],
182 silly audit   '@next/swc-win32-x64-msvc': [ '16.1.6' ],
182 silly audit   '@nodelib/fs.scandir': [ '2.1.5' ],
182 silly audit   '@nodelib/fs.stat': [ '2.0.5' ],
182 silly audit   '@nodelib/fs.walk': [ '1.2.8' ],
182 silly audit   '@nolyfill/is-core-module': [ '1.0.39' ],
182 silly audit   '@rtsao/scc': [ '1.1.0' ],
182 silly audit   '@swc/helpers': [ '0.5.15' ],
182 silly audit   '@tailwindcss/node': [ '4.2.1' ],
182 silly audit   '@tailwindcss/oxide': [ '4.2.1' ],
182 silly audit   '@tailwindcss/oxide-android-arm64': [ '4.2.1' ],
182 silly audit   '@tailwindcss/oxide-darwin-arm64': [ '4.2.1' ],
182 silly audit   '@tailwindcss/oxide-darwin-x64': [ '4.2.1' ],
182 silly audit   '@tailwindcss/oxide-freebsd-x64': [ '4.2.1' ],
182 silly audit   '@tailwindcss/oxide-linux-arm-gnueabihf': [ '4.2.1' ],
182 silly audit   '@tailwindcss/oxide-linux-arm64-gnu': [ '4.2.1' ],
182 silly audit   '@tailwindcss/oxide-linux-arm64-musl': [ '4.2.1' ],
182 silly audit   '@tailwindcss/oxide-linux-x64-gnu': [ '4.2.1' ],
182 silly audit   '@tailwindcss/oxide-linux-x64-musl': [ '4.2.1' ],
182 silly audit   '@tailwindcss/oxide-wasm32-wasi': [ '4.2.1' ],
182 silly audit   '@tailwindcss/oxide-win32-arm64-msvc': [ '4.2.1' ],
182 silly audit   '@tailwindcss/oxide-win32-x64-msvc': [ '4.2.1' ],
182 silly audit   '@tailwindcss/postcss': [ '4.2.1' ],
182 silly audit   '@tybys/wasm-util': [ '0.10.1' ],
182 silly audit   '@types/estree': [ '1.0.8' ],
182 silly audit   '@types/json-schema': [ '7.0.15' ],
182 silly audit   '@types/json5': [ '0.0.29' ],
182 silly audit   '@types/node': [ '20.19.37' ],
182 silly audit   '@types/react': [ '19.2.14' ],
182 silly audit   '@types/react-dom': [ '19.2.3' ],
182 silly audit   '@typescript-eslint/eslint-plugin': [ '8.57.0' ],
182 silly audit   ignore: [ '7.0.5', '5.3.2' ],
182 silly audit   '@typescript-eslint/parser': [ '8.57.0' ],
182 silly audit   '@typescript-eslint/project-service': [ '8.57.0' ],
182 silly audit   '@typescript-eslint/scope-manager': [ '8.57.0' ],
182 silly audit   '@typescript-eslint/tsconfig-utils': [ '8.57.0' ],
182 silly audit   '@typescript-eslint/type-utils': [ '8.57.0' ],
182 silly audit   '@typescript-eslint/types': [ '8.57.0' ],
182 silly audit   '@typescript-eslint/typescript-estree': [ '8.57.0' ],
182 silly audit   'balanced-match': [ '4.0.4', '1.0.2' ],
182 silly audit   'brace-expansion': [ '5.0.4', '1.1.12' ],
182 silly audit   minimatch: [ '10.2.4', '3.1.5' ],
182 silly audit   semver: [ '7.7.4', '6.3.1' ],
182 silly audit   '@typescript-eslint/utils': [ '8.57.0' ],
182 silly audit   '@typescript-eslint/visitor-keys': [ '8.57.0' ],
182 silly audit   '@unrs/resolver-binding-android-arm-eabi': [ '1.11.1' ],
182 silly audit   '@unrs/resolver-binding-android-arm64': [ '1.11.1' ],
182 silly audit   '@unrs/resolver-binding-darwin-arm64': [ '1.11.1' ],
182 silly audit   '@unrs/resolver-binding-darwin-x64': [ '1.11.1' ],
182 silly audit   '@unrs/resolver-binding-freebsd-x64': [ '1.11.1' ],
182 silly audit   '@unrs/resolver-binding-linux-arm-gnueabihf': [ '1.11.1' ],
182 silly audit   '@unrs/resolver-binding-linux-arm-musleabihf': [ '1.11.1' ],
182 silly audit   '@unrs/resolver-binding-linux-arm64-gnu': [ '1.11.1' ],
182 silly audit   '@unrs/resolver-binding-linux-arm64-musl': [ '1.11.1' ],
182 silly audit   '@unrs/resolver-binding-linux-ppc64-gnu': [ '1.11.1' ],
182 silly audit   '@unrs/resolver-binding-linux-riscv64-gnu': [ '1.11.1' ],
182 silly audit   '@unrs/resolver-binding-linux-riscv64-musl': [ '1.11.1' ],
182 silly audit   '@unrs/resolver-binding-linux-s390x-gnu': [ '1.11.1' ],
182 silly audit   '@unrs/resolver-binding-linux-x64-gnu': [ '1.11.1' ],
182 silly audit   '@unrs/resolver-binding-linux-x64-musl': [ '1.11.1' ],
182 silly audit   '@unrs/resolver-binding-wasm32-wasi': [ '1.11.1' ],
182 silly audit   '@unrs/resolver-binding-win32-arm64-msvc': [ '1.11.1' ],
182 silly audit   '@unrs/resolver-binding-win32-ia32-msvc': [ '1.11.1' ],
182 silly audit   '@unrs/resolver-binding-win32-x64-msvc': [ '1.11.1' ],
182 silly audit   acorn: [ '8.16.0' ],
182 silly audit   'acorn-jsx': [ '5.3.2' ],
182 silly audit   ajv: [ '6.14.0' ],
182 silly audit   'ansi-styles': [ '4.3.0' ],
182 silly audit   argparse: [ '2.0.1' ],
182 silly audit   'aria-query': [ '5.3.2' ],
182 silly audit   'array-buffer-byte-length': [ '1.0.2' ],
182 silly audit   'array-includes': [ '3.1.9' ],
182 silly audit   'array.prototype.findlast': [ '1.2.5' ],
182 silly audit   'array.prototype.findlastindex': [ '1.2.6' ],
182 silly audit   'array.prototype.flat': [ '1.3.3' ],
182 silly audit   'array.prototype.flatmap': [ '1.3.3' ],
182 silly audit   'array.prototype.tosorted': [ '1.1.4' ],
182 silly audit   'arraybuffer.prototype.slice': [ '1.0.4' ],
182 silly audit   'ast-types-flow': [ '0.0.8' ],
182 silly audit   'async-function': [ '1.0.0' ],
182 silly audit   'available-typed-arrays': [ '1.0.7' ],
182 silly audit   'axe-core': [ '4.11.1' ],
182 silly audit   'axobject-query': [ '4.1.0' ],
182 silly audit   'baseline-browser-mapping': [ '2.10.0' ],
182 silly audit   braces: [ '3.0.3' ],
182 silly audit   browserslist: [ '4.28.1' ],
182 silly audit   'call-bind': [ '1.0.8' ],
182 silly audit   'call-bind-apply-helpers': [ '1.0.2' ],
182 silly audit   'call-bound': [ '1.0.4' ],
182 silly audit   callsites: [ '3.1.0' ],
182 silly audit   'caniuse-lite': [ '1.0.30001777' ],
182 silly audit   chalk: [ '4.1.2' ],
182 silly audit   'client-only': [ '0.0.1' ],
182 silly audit   'color-convert': [ '2.0.1' ],
182 silly audit   'color-name': [ '1.1.4' ],
182 silly audit   'concat-map': [ '0.0.1' ],
182 silly audit   'convert-source-map': [ '2.0.0' ],
182 silly audit   'cross-spawn': [ '7.0.6' ],
182 silly audit   csstype: [ '3.2.3' ],
182 silly audit   'damerau-levenshtein': [ '1.0.8' ],
182 silly audit   'data-view-buffer': [ '1.0.2' ],
182 silly audit   'data-view-byte-length': [ '1.0.2' ],
182 silly audit   'data-view-byte-offset': [ '1.0.1' ],
182 silly audit   debug: [ '4.4.3', '3.2.7' ],
182 silly audit   'deep-is': [ '0.1.4' ],
182 silly audit   'define-data-property': [ '1.1.4' ],
182 silly audit   'define-properties': [ '1.2.1' ],
182 silly audit   'detect-libc': [ '2.1.2' ],
182 silly audit   doctrine: [ '2.1.0' ],
182 silly audit   'dunder-proto': [ '1.0.1' ],
182 silly audit   'electron-to-chromium': [ '1.5.307' ],
182 silly audit   'emoji-regex': [ '9.2.2' ],
182 silly audit   'enhanced-resolve': [ '5.20.0' ],
182 silly audit   'es-abstract': [ '1.24.1' ],
182 silly audit   'es-define-property': [ '1.0.1' ],
182 silly audit   'es-errors': [ '1.3.0' ],
182 silly audit   'es-iterator-helpers': [ '1.2.2' ],
182 silly audit   'es-object-atoms': [ '1.1.1' ],
182 silly audit   'es-set-tostringtag': [ '2.1.0' ],
182 silly audit   'es-shim-unscopables': [ '1.1.0' ],
182 silly audit   'es-to-primitive': [ '1.3.0' ],
182 silly audit   escalade: [ '3.2.0' ],
182 silly audit   'escape-string-regexp': [ '4.0.0' ],
182 silly audit   eslint: [ '9.39.4' ],
182 silly audit   'eslint-config-next': [ '16.1.6' ],
182 silly audit   globals: [ '16.4.0', '14.0.0' ],
182 silly audit   'eslint-import-resolver-node': [ '0.3.9' ],
182 silly audit   'eslint-import-resolver-typescript': [ '3.10.1' ],
182 silly audit   'eslint-module-utils': [ '2.12.1' ],
182 silly audit   'eslint-plugin-import': [ '2.32.0' ],
182 silly audit   'eslint-plugin-jsx-a11y': [ '6.10.2' ],
182 silly audit   'eslint-plugin-react': [ '7.37.5' ],
182 silly audit   'eslint-plugin-react-hooks': [ '7.0.1' ],
182 silly audit   resolve: [ '2.0.0-next.6', '1.22.11' ],
182 silly audit   'eslint-scope': [ '8.4.0' ],
182 silly audit   espree: [ '10.4.0' ],
182 silly audit   esquery: [ '1.7.0' ],
182 silly audit   esrecurse: [ '4.3.0' ],
182 silly audit   estraverse: [ '5.3.0' ],
182 silly audit   esutils: [ '2.0.3' ],
182 silly audit   'fast-deep-equal': [ '3.1.3' ],
182 silly audit   'fast-glob': [ '3.3.1' ],
182 silly audit   'glob-parent': [ '5.1.2', '6.0.2' ],
182 silly audit   'fast-json-stable-stringify': [ '2.1.0' ],
182 silly audit   'fast-levenshtein': [ '2.0.6' ],
182 silly audit   fastq: [ '1.20.1' ],
182 silly audit   'file-entry-cache': [ '8.0.0' ],
182 silly audit   'fill-range': [ '7.1.1' ],
182 silly audit   'find-up': [ '5.0.0' ],
182 silly audit   'flat-cache': [ '4.0.1' ],
182 silly audit   flatted: [ '3.4.1' ],
182 silly audit   'for-each': [ '0.3.5' ],
182 silly audit   'function-bind': [ '1.1.2' ],
182 silly audit   'function.prototype.name': [ '1.1.8' ],
182 silly audit   'functions-have-names': [ '1.2.3' ],
182 silly audit   'generator-function': [ '2.0.1' ],
182 silly audit   gensync: [ '1.0.0-beta.2' ],
182 silly audit   'get-intrinsic': [ '1.3.0' ],
182 silly audit   'get-proto': [ '1.0.1' ],
182 silly audit   'get-symbol-description': [ '1.1.0' ],
182 silly audit   'get-tsconfig': [ '4.13.6' ],
182 silly audit   globalthis: [ '1.0.4' ],
182 silly audit   gopd: [ '1.2.0' ],
182 silly audit   'graceful-fs': [ '4.2.11' ],
182 silly audit   'has-bigints': [ '1.1.0' ],
182 silly audit   'has-flag': [ '4.0.0' ],
182 silly audit   'has-property-descriptors': [ '1.0.2' ],
182 silly audit   'has-proto': [ '1.2.0' ],
182 silly audit   'has-symbols': [ '1.1.0' ],
182 silly audit   'has-tostringtag': [ '1.0.2' ],
182 silly audit   hasown: [ '2.0.2' ],
182 silly audit   'hermes-estree': [ '0.25.1' ],
182 silly audit   'hermes-parser': [ '0.25.1' ],
182 silly audit   'import-fresh': [ '3.3.1' ],
182 silly audit   imurmurhash: [ '0.1.4' ],
182 silly audit   'internal-slot': [ '1.1.0' ],
182 silly audit   'is-array-buffer': [ '3.0.5' ],
182 silly audit   'is-async-function': [ '2.1.1' ],
182 silly audit   'is-bigint': [ '1.1.0' ],
182 silly audit   'is-boolean-object': [ '1.2.2' ],
182 silly audit   'is-bun-module': [ '2.0.0' ],
182 silly audit   'is-callable': [ '1.2.7' ],
182 silly audit   'is-core-module': [ '2.16.1' ],
182 silly audit   'is-data-view': [ '1.0.2' ],
182 silly audit   'is-date-object': [ '1.1.0' ],
182 silly audit   'is-extglob': [ '2.1.1' ],
182 silly audit   'is-finalizationregistry': [ '1.1.1' ],
182 silly audit   'is-generator-function': [ '1.1.2' ],
182 silly audit   'is-glob': [ '4.0.3' ],
182 silly audit   'is-map': [ '2.0.3' ],
182 silly audit   'is-negative-zero': [ '2.0.3' ],
182 silly audit   'is-number': [ '7.0.0' ],
182 silly audit   'is-number-object': [ '1.1.1' ],
182 silly audit   'is-regex': [ '1.2.1' ],
182 silly audit   'is-set': [ '2.0.3' ],
182 silly audit   'is-shared-array-buffer': [ '1.0.4' ],
182 silly audit   'is-string': [ '1.1.1' ],
182 silly audit   'is-symbol': [ '1.1.1' ],
182 silly audit   'is-typed-array': [ '1.1.15' ],
182 silly audit   'is-weakmap': [ '2.0.2' ],
182 silly audit   'is-weakref': [ '1.1.1' ],
182 silly audit   'is-weakset': [ '2.0.4' ],
182 silly audit   isarray: [ '2.0.5' ],
182 silly audit   isexe: [ '2.0.0' ],
182 silly audit   'iterator.prototype': [ '1.1.5' ],
182 silly audit   jiti: [ '2.6.1' ],
182 silly audit   'js-tokens': [ '4.0.0' ],
182 silly audit   'js-yaml': [ '4.1.1' ],
182 silly audit   jsesc: [ '3.1.0' ],
182 silly audit   'json-buffer': [ '3.0.1' ],
182 silly audit   'json-schema-traverse': [ '0.4.1' ],
182 silly audit   'json-stable-stringify-without-jsonify': [ '1.0.1' ],
182 silly audit   json5: [ '2.2.3', '1.0.2' ],
182 silly audit   'jsx-ast-utils': [ '3.3.5' ],
182 silly audit   keyv: [ '4.5.4' ],
182 silly audit   'language-subtag-registry': [ '0.3.23' ],
182 silly audit   'language-tags': [ '1.0.9' ],
182 silly audit   levn: [ '0.4.1' ],
182 silly audit   lightningcss: [ '1.31.1' ],
182 silly audit   'lightningcss-android-arm64': [ '1.31.1' ],
182 silly audit   'lightningcss-darwin-arm64': [ '1.31.1' ],
182 silly audit   'lightningcss-darwin-x64': [ '1.31.1' ],
182 silly audit   'lightningcss-freebsd-x64': [ '1.31.1' ],
182 silly audit   'lightningcss-linux-arm-gnueabihf': [ '1.31.1' ],
182 silly audit   'lightningcss-linux-arm64-gnu': [ '1.31.1' ],
182 silly audit   'lightningcss-linux-arm64-musl': [ '1.31.1' ],
182 silly audit   'lightningcss-linux-x64-gnu': [ '1.31.1' ],
182 silly audit   'lightningcss-linux-x64-musl': [ '1.31.1' ],
182 silly audit   'lightningcss-win32-arm64-msvc': [ '1.31.1' ],
182 silly audit   'lightningcss-win32-x64-msvc': [ '1.31.1' ],
182 silly audit   'locate-path': [ '6.0.0' ],
182 silly audit   'lodash.merge': [ '4.6.2' ],
182 silly audit   'loose-envify': [ '1.4.0' ],
182 silly audit   'lru-cache': [ '5.1.1' ],
182 silly audit   'magic-string': [ '0.30.21' ],
182 silly audit   'math-intrinsics': [ '1.1.0' ],
182 silly audit   merge2: [ '1.4.1' ],
182 silly audit   micromatch: [ '4.0.8' ],
182 silly audit   minimist: [ '1.2.8' ],
182 silly audit   ms: [ '2.1.3' ],
182 silly audit   nanoid: [ '3.3.11' ],
182 silly audit   'napi-postinstall': [ '0.3.4' ],
182 silly audit   'natural-compare': [ '1.4.0' ],
182 silly audit   next: [ '16.1.6' ],
182 silly audit   postcss: [ '8.4.31', '8.5.8' ],
182 silly audit   'node-exports-info': [ '1.6.0' ],
182 silly audit   'node-releases': [ '2.0.36' ],
182 silly audit   'object-assign': [ '4.1.1' ],
182 silly audit   'object-inspect': [ '1.13.4' ],
182 silly audit   'object-keys': [ '1.1.1' ],
182 silly audit   'object.assign': [ '4.1.7' ],
182 silly audit   'object.entries': [ '1.1.9' ],
182 silly audit   'object.fromentries': [ '2.0.8' ],
182 silly audit   'object.groupby': [ '1.0.3' ],
182 silly audit   'object.values': [ '1.2.1' ],
182 silly audit   optionator: [ '0.9.4' ],
182 silly audit   'own-keys': [ '1.0.1' ],
182 silly audit   'p-limit': [ '3.1.0' ],
182 silly audit   'p-locate': [ '5.0.0' ],
182 silly audit   'parent-module': [ '1.0.1' ],
182 silly audit   'path-exists': [ '4.0.0' ],
182 silly audit   'path-key': [ '3.1.1' ],
182 silly audit   'path-parse': [ '1.0.7' ],
182 silly audit   picocolors: [ '1.1.1' ],
182 silly audit   picomatch: [ '2.3.1', '4.0.3' ],
182 silly audit   'possible-typed-array-names': [ '1.1.0' ],
182 silly audit   'prelude-ls': [ '1.2.1' ],
182 silly audit   'prop-types': [ '15.8.1' ],
182 silly audit   punycode: [ '2.3.1' ],
182 silly audit   'queue-microtask': [ '1.2.3' ],
182 silly audit   react: [ '19.2.3' ],
182 silly audit   'react-dom': [ '19.2.3' ],
182 silly audit   'react-is': [ '16.13.1' ],
182 silly audit   'reflect.getprototypeof': [ '1.0.10' ],
182 silly audit   'regexp.prototype.flags': [ '1.5.4' ],
182 silly audit   'resolve-from': [ '4.0.0' ],
182 silly audit   'resolve-pkg-maps': [ '1.0.0' ],
182 silly audit   reusify: [ '1.1.0' ],
182 silly audit   'run-parallel': [ '1.2.0' ],
182 silly audit   'safe-array-concat': [ '1.1.3' ],
182 silly audit   'safe-push-apply': [ '1.0.0' ],
182 silly audit   'safe-regex-test': [ '1.1.0' ],
182 silly audit   scheduler: [ '0.27.0' ],
182 silly audit   'set-function-length': [ '1.2.2' ],
182 silly audit   'set-function-name': [ '2.0.2' ],
182 silly audit   'set-proto': [ '1.0.0' ],
182 silly audit   sharp: [ '0.34.5' ],
182 silly audit   'shebang-command': [ '2.0.0' ],
182 silly audit   'shebang-regex': [ '3.0.0' ],
182 silly audit   'side-channel': [ '1.1.0' ],
182 silly audit   'side-channel-list': [ '1.0.0' ],
182 silly audit   'side-channel-map': [ '1.0.1' ],
182 silly audit   'side-channel-weakmap': [ '1.0.2' ],
182 silly audit   'source-map-js': [ '1.2.1' ],
182 silly audit   'stable-hash': [ '0.0.5' ],
182 silly audit   'stop-iteration-iterator': [ '1.1.0' ],
182 silly audit   'string.prototype.includes': [ '2.0.1' ],
182 silly audit   'string.prototype.matchall': [ '4.0.12' ],
182 silly audit   'string.prototype.repeat': [ '1.0.0' ],
182 silly audit   'string.prototype.trim': [ '1.2.10' ],
182 silly audit   'string.prototype.trimend': [ '1.0.9' ],
182 silly audit   'string.prototype.trimstart': [ '1.0.8' ],
182 silly audit   'strip-bom': [ '3.0.0' ],
182 silly audit   'strip-json-comments': [ '3.1.1' ],
182 silly audit   'styled-jsx': [ '5.1.6' ],
182 silly audit   'supports-color': [ '7.2.0' ],
182 silly audit   'supports-preserve-symlinks-flag': [ '1.0.0' ],
182 silly audit   tailwindcss: [ '4.2.1' ],
182 silly audit   tapable: [ '2.3.0' ],
182 silly audit   tinyglobby: [ '0.2.15' ],
182 silly audit   fdir: [ '6.5.0' ],
182 silly audit   'to-regex-range': [ '5.0.1' ],
182 silly audit   'ts-api-utils': [ '2.4.0' ],
182 silly audit   'tsconfig-paths': [ '3.15.0' ],
182 silly audit   tslib: [ '2.8.1' ],
182 silly audit   'type-check': [ '0.4.0' ],
182 silly audit   'typed-array-buffer': [ '1.0.3' ],
182 silly audit   'typed-array-byte-length': [ '1.0.3' ],
182 silly audit   'typed-array-byte-offset': [ '1.0.4' ],
182 silly audit   'typed-array-length': [ '1.0.7' ],
182 silly audit   typescript: [ '5.9.3' ],
182 silly audit   'typescript-eslint': [ '8.57.0' ],
182 silly audit   'unbox-primitive': [ '1.1.0' ],
182 silly audit   'undici-types': [ '6.21.0' ],
182 silly audit   'unrs-resolver': [ '1.11.1' ],
182 silly audit   'update-browserslist-db': [ '1.2.3' ],
182 silly audit   'uri-js': [ '4.4.1' ],
182 silly audit   which: [ '2.0.2' ],
182 silly audit   'which-boxed-primitive': [ '1.1.1' ],
182 silly audit   'which-builtin-type': [ '1.2.1' ],
182 silly audit   'which-collection': [ '1.0.2' ],
182 silly audit   'which-typed-array': [ '1.1.20' ],
182 silly audit   'word-wrap': [ '1.2.5' ],
182 silly audit   yallist: [ '3.1.1' ],
182 silly audit   'yocto-queue': [ '0.1.0' ],
182 silly audit   'zod-validation-error': [ '4.0.2' ],
182 silly audit   '@hookform/resolvers': [ '5.2.2' ],
182 silly audit   'decimal.js': [ '10.6.0' ],
182 silly audit   'fast-xml-parser': [ '5.5.1' ],
182 silly audit   papaparse: [ '5.5.3' ],
182 silly audit   'react-dropzone': [ '15.0.0' ],
182 silly audit   'react-hook-form': [ '7.71.2' ],
182 silly audit   uuid: [ '13.0.0' ],
182 silly audit   xlsx: [ '0.18.5' ],
182 silly audit   xmlbuilder2: [ '4.0.3' ],
182 silly audit   zod: [ '4.3.6' ],
182 silly audit   zustand: [ '5.0.11' ],
182 silly audit   '@standard-schema/utils': [ '0.3.0' ],
182 silly audit   'fast-xml-builder': [ '1.1.0' ],
182 silly audit   'path-expression-matcher': [ '1.1.2' ],
182 silly audit   strnum: [ '2.2.0' ],
182 silly audit   'attr-accept': [ '2.2.5' ],
182 silly audit   'file-selector': [ '2.1.2' ],
182 silly audit   'adler-32': [ '1.3.1' ],
182 silly audit   cfb: [ '1.2.2' ],
182 silly audit   codepage: [ '1.15.0' ],
182 silly audit   'crc-32': [ '1.2.2' ],
182 silly audit   ssf: [ '0.11.2' ],
182 silly audit   wmf: [ '1.0.2' ],
182 silly audit   word: [ '0.3.0' ],
182 silly audit   frac: [ '1.1.2' ],
182 silly audit   '@oozcitak/dom': [ '2.0.2' ],
182 silly audit   '@oozcitak/infra': [ '2.0.2' ],
182 silly audit   '@oozcitak/util': [ '10.0.0' ],
182 silly audit   '@oozcitak/url': [ '3.0.0' ]
182 silly audit }
183 http cache @oozcitak/util@https://registry.npmjs.org/@oozcitak/util/-/util-10.0.0.tgz 0ms (cache hit)
184 http cache @oozcitak/infra@https://registry.npmjs.org/@oozcitak/infra/-/infra-2.0.2.tgz 0ms (cache hit)
185 http cache @oozcitak/url@https://registry.npmjs.org/@oozcitak/url/-/url-3.0.0.tgz 0ms (cache hit)
186 http cache frac@https://registry.npmjs.org/frac/-/frac-1.1.2.tgz 0ms (cache hit)
187 http cache wmf@https://registry.npmjs.org/wmf/-/wmf-1.0.2.tgz 0ms (cache hit)
188 http cache ssf@https://registry.npmjs.org/ssf/-/ssf-0.11.2.tgz 0ms (cache hit)
189 http cache crc-32@https://registry.npmjs.org/crc-32/-/crc-32-1.2.2.tgz 0ms (cache hit)
190 http cache @oozcitak/dom@https://registry.npmjs.org/@oozcitak/dom/-/dom-2.0.2.tgz 0ms (cache hit)
191 http cache codepage@https://registry.npmjs.org/codepage/-/codepage-1.15.0.tgz 0ms (cache hit)
192 http cache cfb@https://registry.npmjs.org/cfb/-/cfb-1.2.2.tgz 0ms (cache hit)
193 http cache adler-32@https://registry.npmjs.org/adler-32/-/adler-32-1.3.1.tgz 0ms (cache hit)
194 http cache attr-accept@https://registry.npmjs.org/attr-accept/-/attr-accept-2.2.5.tgz 0ms (cache hit)
195 http cache file-selector@https://registry.npmjs.org/file-selector/-/file-selector-2.1.2.tgz 0ms (cache hit)
196 http cache strnum@https://registry.npmjs.org/strnum/-/strnum-2.2.0.tgz 0ms (cache hit)
197 http cache path-expression-matcher@https://registry.npmjs.org/path-expression-matcher/-/path-expression-matcher-1.1.2.tgz 0ms (cache hit)
198 http cache @standard-schema/utils@https://registry.npmjs.org/@standard-schema/utils/-/utils-0.3.0.tgz 0ms (cache hit)
199 http cache fast-xml-builder@https://registry.npmjs.org/fast-xml-builder/-/fast-xml-builder-1.1.0.tgz 0ms (cache hit)
200 http cache word@https://registry.npmjs.org/word/-/word-0.3.0.tgz 0ms (cache hit)
201 http cache zustand@https://registry.npmjs.org/zustand/-/zustand-5.0.11.tgz 0ms (cache hit)
202 http cache xmlbuilder2@https://registry.npmjs.org/xmlbuilder2/-/xmlbuilder2-4.0.3.tgz 0ms (cache hit)
203 http cache xlsx@https://registry.npmjs.org/xlsx/-/xlsx-0.18.5.tgz 0ms (cache hit)
204 http cache react-hook-form@https://registry.npmjs.org/react-hook-form/-/react-hook-form-7.71.2.tgz 0ms (cache hit)
205 http cache papaparse@https://registry.npmjs.org/papaparse/-/papaparse-5.5.3.tgz 0ms (cache hit)
206 http cache uuid@https://registry.npmjs.org/uuid/-/uuid-13.0.0.tgz 0ms (cache hit)
207 http cache fast-xml-parser@https://registry.npmjs.org/fast-xml-parser/-/fast-xml-parser-5.5.1.tgz 0ms (cache hit)
208 http cache decimal.js@https://registry.npmjs.org/decimal.js/-/decimal.js-10.6.0.tgz 0ms (cache hit)
209 http cache react-dropzone@https://registry.npmjs.org/react-dropzone/-/react-dropzone-15.0.0.tgz 0ms (cache hit)
210 http cache @hookform/resolvers@https://registry.npmjs.org/@hookform/resolvers/-/resolvers-5.2.2.tgz 0ms (cache hit)
211 silly tarball no local data for @oozcitak/util@https://registry.npmjs.org/@oozcitak/util/-/util-10.0.0.tgz. Extracting by manifest.
212 silly tarball no local data for @oozcitak/infra@https://registry.npmjs.org/@oozcitak/infra/-/infra-2.0.2.tgz. Extracting by manifest.
213 silly tarball no local data for @oozcitak/url@https://registry.npmjs.org/@oozcitak/url/-/url-3.0.0.tgz. Extracting by manifest.
214 silly tarball no local data for frac@https://registry.npmjs.org/frac/-/frac-1.1.2.tgz. Extracting by manifest.
215 silly tarball no local data for wmf@https://registry.npmjs.org/wmf/-/wmf-1.0.2.tgz. Extracting by manifest.
216 silly tarball no local data for ssf@https://registry.npmjs.org/ssf/-/ssf-0.11.2.tgz. Extracting by manifest.
217 silly tarball no local data for crc-32@https://registry.npmjs.org/crc-32/-/crc-32-1.2.2.tgz. Extracting by manifest.
218 silly tarball no local data for @oozcitak/dom@https://registry.npmjs.org/@oozcitak/dom/-/dom-2.0.2.tgz. Extracting by manifest.
219 silly tarball no local data for codepage@https://registry.npmjs.org/codepage/-/codepage-1.15.0.tgz. Extracting by manifest.
220 silly tarball no local data for cfb@https://registry.npmjs.org/cfb/-/cfb-1.2.2.tgz. Extracting by manifest.
221 silly tarball no local data for adler-32@https://registry.npmjs.org/adler-32/-/adler-32-1.3.1.tgz. Extracting by manifest.
222 silly tarball no local data for attr-accept@https://registry.npmjs.org/attr-accept/-/attr-accept-2.2.5.tgz. Extracting by manifest.
223 silly tarball no local data for file-selector@https://registry.npmjs.org/file-selector/-/file-selector-2.1.2.tgz. Extracting by manifest.
224 silly tarball no local data for strnum@https://registry.npmjs.org/strnum/-/strnum-2.2.0.tgz. Extracting by manifest.
225 silly tarball no local data for path-expression-matcher@https://registry.npmjs.org/path-expression-matcher/-/path-expression-matcher-1.1.2.tgz. Extracting by manifest.
226 silly tarball no local data for @standard-schema/utils@https://registry.npmjs.org/@standard-schema/utils/-/utils-0.3.0.tgz. Extracting by manifest.
227 silly tarball no local data for fast-xml-builder@https://registry.npmjs.org/fast-xml-builder/-/fast-xml-builder-1.1.0.tgz. Extracting by manifest.
228 silly tarball no local data for word@https://registry.npmjs.org/word/-/word-0.3.0.tgz. Extracting by manifest.
229 silly tarball no local data for zustand@https://registry.npmjs.org/zustand/-/zustand-5.0.11.tgz. Extracting by manifest.
230 silly tarball no local data for xmlbuilder2@https://registry.npmjs.org/xmlbuilder2/-/xmlbuilder2-4.0.3.tgz. Extracting by manifest.
231 silly tarball no local data for xlsx@https://registry.npmjs.org/xlsx/-/xlsx-0.18.5.tgz. Extracting by manifest.
232 silly tarball no local data for react-hook-form@https://registry.npmjs.org/react-hook-form/-/react-hook-form-7.71.2.tgz. Extracting by manifest.
233 silly tarball no local data for papaparse@https://registry.npmjs.org/papaparse/-/papaparse-5.5.3.tgz. Extracting by manifest.
234 silly tarball no local data for uuid@https://registry.npmjs.org/uuid/-/uuid-13.0.0.tgz. Extracting by manifest.
235 silly tarball no local data for fast-xml-parser@https://registry.npmjs.org/fast-xml-parser/-/fast-xml-parser-5.5.1.tgz. Extracting by manifest.
236 silly tarball no local data for decimal.js@https://registry.npmjs.org/decimal.js/-/decimal.js-10.6.0.tgz. Extracting by manifest.
237 silly tarball no local data for react-dropzone@https://registry.npmjs.org/react-dropzone/-/react-dropzone-15.0.0.tgz. Extracting by manifest.
238 silly tarball no local data for @hookform/resolvers@https://registry.npmjs.org/@hookform/resolvers/-/resolvers-5.2.2.tgz. Extracting by manifest.
239 http fetch GET 200 https://registry.npmjs.org/frac/-/frac-1.1.2.tgz 55ms (cache miss)
240 http fetch GET 200 https://registry.npmjs.org/ssf/-/ssf-0.11.2.tgz 59ms (cache miss)
241 http fetch GET 200 https://registry.npmjs.org/wmf/-/wmf-1.0.2.tgz 63ms (cache miss)
242 http fetch GET 200 https://registry.npmjs.org/@oozcitak/util/-/util-10.0.0.tgz 64ms (cache miss)
243 http fetch GET 200 https://registry.npmjs.org/@oozcitak/infra/-/infra-2.0.2.tgz 66ms (cache miss)
244 http fetch GET 200 https://registry.npmjs.org/@oozcitak/url/-/url-3.0.0.tgz 76ms (cache miss)
245 http fetch GET 200 https://registry.npmjs.org/path-expression-matcher/-/path-expression-matcher-1.1.2.tgz 77ms (cache miss)
246 http fetch GET 200 https://registry.npmjs.org/fast-xml-builder/-/fast-xml-builder-1.1.0.tgz 93ms (cache miss)
247 http fetch GET 200 https://registry.npmjs.org/crc-32/-/crc-32-1.2.2.tgz 95ms (cache miss)
248 http fetch GET 200 https://registry.npmjs.org/word/-/word-0.3.0.tgz 95ms (cache miss)
249 http fetch GET 200 https://registry.npmjs.org/@standard-schema/utils/-/utils-0.3.0.tgz 99ms (cache miss)
250 http fetch GET 200 https://registry.npmjs.org/zustand/-/zustand-5.0.11.tgz 103ms (cache miss)
251 http fetch GET 200 https://registry.npmjs.org/strnum/-/strnum-2.2.0.tgz 108ms (cache miss)
252 http fetch GET 200 https://registry.npmjs.org/attr-accept/-/attr-accept-2.2.5.tgz 112ms (cache miss)
253 http fetch GET 200 https://registry.npmjs.org/adler-32/-/adler-32-1.3.1.tgz 113ms (cache miss)
254 http fetch GET 200 https://registry.npmjs.org/file-selector/-/file-selector-2.1.2.tgz 118ms (cache miss)
255 http fetch GET 200 https://registry.npmjs.org/cfb/-/cfb-1.2.2.tgz 167ms (cache miss)
256 http fetch GET 200 https://registry.npmjs.org/decimal.js/-/decimal.js-10.6.0.tgz 195ms (cache miss)
257 http fetch GET 200 https://registry.npmjs.org/papaparse/-/papaparse-5.5.3.tgz 201ms (cache miss)
258 http fetch GET 200 https://registry.npmjs.org/uuid/-/uuid-13.0.0.tgz 225ms (cache miss)
259 http fetch GET 200 https://registry.npmjs.org/fast-xml-parser/-/fast-xml-parser-5.5.1.tgz 252ms (cache miss)
260 http fetch GET 200 https://registry.npmjs.org/xmlbuilder2/-/xmlbuilder2-4.0.3.tgz 259ms (cache miss)
261 http fetch POST 200 https://registry.npmjs.org/-/npm/v1/security/advisories/bulk 279ms
262 silly audit report {
262 silly audit report   xlsx: [
262 silly audit report     {
262 silly audit report       id: 1108110,
262 silly audit report       url: 'https://github.com/advisories/GHSA-4r6h-8v6p-xvw6',
262 silly audit report       title: 'Prototype Pollution in sheetJS',
262 silly audit report       severity: 'high',
262 silly audit report       vulnerable_versions: '<0.19.3',
262 silly audit report       cwe: [Array],
262 silly audit report       cvss: [Object]
262 silly audit report     },
262 silly audit report     {
262 silly audit report       id: 1108111,
262 silly audit report       url: 'https://github.com/advisories/GHSA-5pgg-2g8v-p4x9',
262 silly audit report       title: 'SheetJS Regular Expression Denial of Service (ReDoS)',
262 silly audit report       severity: 'high',
262 silly audit report       vulnerable_versions: '<0.20.2',
262 silly audit report       cwe: [Array],
262 silly audit report       cvss: [Object]
262 silly audit report     }
262 silly audit report   ]
262 silly audit report }
263 silly packumentCache corgi:https://registry.npmjs.org/xlsx cache-miss
264 http fetch GET 200 https://registry.npmjs.org/react-dropzone/-/react-dropzone-15.0.0.tgz 300ms (cache miss)
265 http fetch GET 200 https://registry.npmjs.org/@oozcitak/dom/-/dom-2.0.2.tgz 341ms (cache miss)
266 http fetch GET 200 https://registry.npmjs.org/xlsx/-/xlsx-0.18.5.tgz 391ms (cache miss)
267 http fetch GET 200 https://registry.npmjs.org/@hookform/resolvers/-/resolvers-5.2.2.tgz 412ms (cache miss)
268 http fetch GET 200 https://registry.npmjs.org/react-hook-form/-/react-hook-form-7.71.2.tgz 418ms (cache miss)
269 http fetch GET 200 https://registry.npmjs.org/codepage/-/codepage-1.15.0.tgz 509ms (cache miss)
270 http fetch GET 200 https://registry.npmjs.org/xlsx 323ms (cache miss)
271 silly packumentCache corgi:https://registry.npmjs.org/xlsx set size:undefined disposed:false
272 silly ADD node_modules/@oozcitak/url
273 silly ADD node_modules/@oozcitak/util
274 silly ADD node_modules/@oozcitak/infra
275 silly ADD node_modules/@oozcitak/dom
276 silly ADD node_modules/frac
277 silly ADD node_modules/word
278 silly ADD node_modules/wmf
279 silly ADD node_modules/ssf
280 silly ADD node_modules/crc-32
281 silly ADD node_modules/codepage
282 silly ADD node_modules/cfb
283 silly ADD node_modules/adler-32
284 silly ADD node_modules/file-selector
285 silly ADD node_modules/attr-accept
286 silly ADD node_modules/strnum
287 silly ADD node_modules/path-expression-matcher
288 silly ADD node_modules/fast-xml-builder
289 silly ADD node_modules/@standard-schema/utils
290 silly ADD node_modules/zustand
291 silly ADD node_modules/xmlbuilder2
292 silly ADD node_modules/xlsx
293 silly ADD node_modules/uuid
294 silly ADD node_modules/react-hook-form
295 silly ADD node_modules/react-dropzone
296 silly ADD node_modules/papaparse
297 silly ADD node_modules/fast-xml-parser
298 silly ADD node_modules/decimal.js
299 silly ADD node_modules/@hookform/resolvers
300 verbose cwd /Users/ankitmishra/Developer/Accounting app/tradebooks-ai
301 verbose os Darwin 25.3.0
302 verbose node v24.13.0
303 verbose npm  v11.6.2
304 notice
304 notice New minor version of npm available! 11.6.2 -> 11.11.0
304 notice Changelog: https://github.com/npm/cli/releases/tag/v11.11.0
304 notice To update run: npm install -g npm@11.11.0
304 notice  { force: true, Symbol(proc-log.meta): true }
305 verbose exit 0
306 info ok
