0 verbose cli /Users/ankitmishra/.nvm/versions/node/v24.13.0/bin/node /Users/ankitmishra/.nvm/versions/node/v24.13.0/lib/node_modules/npm/bin/npm-cli.js
1 info using npm@11.6.2
2 info using node@v24.13.0
3 silly config load:file:/Users/ankitmishra/.nvm/versions/node/v24.13.0/lib/node_modules/npm/npmrc
4 silly config load:file:/Users/ankitmishra/Developer/Accounting app/tradebooks-ai/.npmrc
5 silly config load:file:/Users/ankitmishra/.npmrc
6 silly config load:file:/Users/ankitmishra/.nvm/versions/node/v24.13.0/etc/npmrc
7 verbose title npm exec skills
8 verbose argv "exec" "--yes" "--" "skills"
9 verbose logfile logs-max:10 dir:/Users/ankitmishra/Developer/Accounting app/tradebooks-ai/temp_cache/_logs/2026-03-11T09_46_07_045Z-
10 verbose logfile /Users/ankitmishra/Developer/Accounting app/tradebooks-ai/temp_cache/_logs/2026-03-11T09_46_07_045Z-debug-0.log
11 silly logfile start cleaning logs, removing 1 files
12 silly logfile done cleaning log files
13 silly packumentCache heap:2348810240 maxSize:587202560 maxEntrySize:293601280
14 verbose shrinkwrap failed to load node_modules/.package-lock.json out of date, updated: node_modules
15 http fetch GET 200 https://registry.npmjs.org/skills 146ms (cache revalidated)
16 silly packumentCache heap:2348810240 maxSize:587202560 maxEntrySize:293601280
17 silly packumentCache heap:2348810240 maxSize:587202560 maxEntrySize:293601280
18 verbose cwd /Users/ankitmishra/Developer/Accounting app/tradebooks-ai
19 verbose os Darwin 25.3.0
20 verbose node v24.13.0
21 verbose npm  v11.6.2
22 verbose exit 0
23 info ok
