0 verbose cli /Users/ankitmishra/.nvm/versions/node/v24.13.0/bin/node /Users/ankitmishra/.nvm/versions/node/v24.13.0/lib/node_modules/npm/bin/npm-cli.js
1 info using npm@11.6.2
2 info using node@v24.13.0
3 silly config load:file:/Users/ankitmishra/.nvm/versions/node/v24.13.0/lib/node_modules/npm/npmrc
4 silly config load:file:/Users/ankitmishra/Developer/Accounting app/tradebooks-ai/.npmrc
5 silly config load:file:/Users/ankitmishra/.npmrc
6 silly config load:file:/Users/ankitmishra/.nvm/versions/node/v24.13.0/etc/npmrc
7 verbose title npm exec skills --help
8 verbose argv "exec" "--yes" "--" "skills" "--help"
9 verbose logfile logs-max:10 dir:/Users/ankitmishra/Developer/Accounting app/tradebooks-ai/temp_cache/_logs/2026-03-11T09_45_39_428Z-
10 verbose logfile /Users/ankitmishra/Developer/Accounting app/tradebooks-ai/temp_cache/_logs/2026-03-11T09_45_39_428Z-debug-0.log
11 silly logfile start cleaning logs, removing 1 files
12 silly logfile done cleaning log files
13 silly packumentCache heap:2348810240 maxSize:587202560 maxEntrySize:293601280
14 verbose shrinkwrap failed to load node_modules/.package-lock.json out of date, updated: node_modules
15 http fetch GET 200 https://registry.npmjs.org/skills 107ms (cache revalidated)
16 silly packumentCache heap:2348810240 maxSize:587202560 maxEntrySize:293601280
17 silly packumentCache heap:2348810240 maxSize:587202560 maxEntrySize:293601280
18 silly idealTree buildDeps
19 silly fetch manifest skills@1.4.4
20 silly packumentCache full:https://registry.npmjs.org/skills cache-miss
21 http fetch GET 200 https://registry.npmjs.org/skills 51ms (cache miss)
22 silly packumentCache full:https://registry.npmjs.org/skills set size:undefined disposed:false
23 silly placeDep ROOT skills@1.4.4 OK for:  want: 1.4.4
24 silly reify moves {}
25 silly audit bulk request { skills: [ '1.4.4' ] }
26 http cache skills@https://registry.npmjs.org/skills/-/skills-1.4.4.tgz 0ms (cache hit)
27 silly tarball no local data for skills@https://registry.npmjs.org/skills/-/skills-1.4.4.tgz. Extracting by manifest.
28 http fetch GET 200 https://registry.npmjs.org/skills/-/skills-1.4.4.tgz 140ms (cache miss)
29 http fetch POST 200 https://registry.npmjs.org/-/npm/v1/security/advisories/bulk 264ms
30 silly audit report {}
